[ 50%] [32mBuilding CXX object CMakeFiles/cpp_node.dir/src/cpp_pkg2.cpp.o[0m
[01m[K/home/remon/ros2_ws/src/cpp_pkg2/src/cpp_pkg2.cpp:3:32:[m[K [01;31m[Kerror: [m[Kexpected class-name before â€˜[01m[Krclcpp[m[Kâ€™
    3 | class firstoopcppcode : puplic [01;31m[Krclcpp[m[K::NODE
      |                                [01;31m[K^~~~~~[m[K
[01m[K/home/remon/ros2_ws/src/cpp_pkg2/src/cpp_pkg2.cpp:3:32:[m[K [01;31m[Kerror: [m[Kexpected â€˜[01m[K{[m[Kâ€™ before â€˜[01m[Krclcpp[m[Kâ€™
[01m[K/home/remon/ros2_ws/src/cpp_pkg2/src/cpp_pkg2.cpp:3:40:[m[K [01;31m[Kerror: [m[Kâ€˜[01m[Krclcpp::NODE[m[Kâ€™ should have been declared inside â€˜[01m[Krclcpp[m[Kâ€™
    3 | class firstoopcppcode : puplic rclcpp::[01;31m[KNODE[m[K
      |                                        [01;31m[K^~~~[m[K
[01m[K/home/remon/ros2_ws/src/cpp_pkg2/src/cpp_pkg2.cpp:5:3:[m[K [01;35m[Kwarning: [m[KISO C++ does not allow GNU designated initializers [[01;35m[K]8;;https://gcc.gnu.org/onlinedocs/gcc/Warning-Options.html#index-Wpedantic-Wpedantic]8;;[m[K]
    5 |   [01;35m[Kpuplic[m[K :
      |   [01;35m[K^~~~~~[m[K
[01m[K/home/remon/ros2_ws/src/cpp_pkg2/src/cpp_pkg2.cpp:6:21:[m[K [01;31m[Kerror: [m[Kinvalid use of incomplete type â€˜[01m[Kclass firstoopcppcode[m[Kâ€™
    6 |     firstoopcppcode([01;31m[K)[m[K: node ("_2nodecpptest")
      |                     [01;31m[K^[m[K
[01m[K/home/remon/ros2_ws/src/cpp_pkg2/src/cpp_pkg2.cpp:3:7:[m[K [01;36m[Knote: [m[Kforward declaration of â€˜[01m[Kclass firstoopcppcode[m[Kâ€™
    3 | class [01;36m[Kfirstoopcppcode[m[K : puplic rclcpp::NODE
      |       [01;36m[K^~~~~~~~~~~~~~~[m[K
[01m[K/home/remon/ros2_ws/src/cpp_pkg2/src/cpp_pkg2.cpp:6:22:[m[K [01;31m[Kerror: [m[Kexpected â€˜[01m[K}[m[Kâ€™ before â€˜[01m[K:[m[Kâ€™ token
    6 |     firstoopcppcode()[01;31m[K:[m[K node ("_2nodecpptest")
      |                      [01;31m[K^[m[K
[01m[K/home/remon/ros2_ws/src/cpp_pkg2/src/cpp_pkg2.cpp:4:1:[m[K [01;36m[Knote: [m[Kto match this â€˜[01m[K{[m[Kâ€™
    4 | [01;36m[K{[m[K
      | [01;36m[K^[m[K
[01m[K/home/remon/ros2_ws/src/cpp_pkg2/src/cpp_pkg2.cpp:12:3:[m[K [01;31m[Kerror: [m[Kâ€˜[01m[Kptivate[m[Kâ€™ does not name a type
   12 |   [01;31m[Kptivate[m[K:
      |   [01;31m[K^~~~~~~[m[K
[01m[K/home/remon/ros2_ws/src/cpp_pkg2/src/cpp_pkg2.cpp:17:13:[m[K [01;31m[Kerror: [m[Kâ€˜[01m[Ktimerbase[m[Kâ€™ in namespace â€˜[01m[Krclcpp[m[Kâ€™ does not name a type; did you mean â€˜[01m[KTimerBase[m[Kâ€™?
   17 |     rclcpp::[01;31m[Ktimerbase[m[K::sharedptr time_;
      |             [01;31m[K^~~~~~~~~[m[K
      |             [32m[KTimerBase[m[K
[01m[K/home/remon/ros2_ws/src/cpp_pkg2/src/cpp_pkg2.cpp:18:1:[m[K [01;31m[Kerror: [m[Kexpected declaration before â€˜[01m[K}[m[Kâ€™ token
   18 | [01;31m[K}[m[K;
      | [01;31m[K^[m[K
[01m[K/home/remon/ros2_ws/src/cpp_pkg2/src/cpp_pkg2.cpp:[m[K In function â€˜[01m[Kint main(int, char**)[m[Kâ€™:
[01m[K/home/remon/ros2_ws/src/cpp_pkg2/src/cpp_pkg2.cpp:25:15:[m[K [01;31m[Kerror: [m[Kno matching function for call to â€˜[01m[Kspin(std::shared_ptr<firstoopcppcode>&)[m[Kâ€™
   25 |   [01;31m[Krclcpp::spin(node)[m[K;
      |   [01;31m[K~~~~~~~~~~~~^~~~~~[m[K
In file included from [01m[K/opt/ros/humble/include/rclcpp/rclcpp/rclcpp.hpp:155[m[K,
                 from [01m[K/home/remon/ros2_ws/src/cpp_pkg2/src/cpp_pkg2.cpp:1[m[K:
[01m[K/opt/ros/humble/include/rclcpp/rclcpp/executors.hpp:45:1:[m[K [01;36m[Knote: [m[Kcandidate: â€˜[01m[Kvoid rclcpp::spin(rclcpp::node_interfaces::NodeBaseInterface::SharedPtr)[m[Kâ€™
   45 | [01;36m[Kspin[m[K(rclcpp::node_interfaces::NodeBaseInterface::SharedPtr node_ptr);
      | [01;36m[K^~~~[m[K
[01m[K/opt/ros/humble/include/rclcpp/rclcpp/executors.hpp:45:60:[m[K [01;36m[Knote: [m[K  no known conversion for argument 1 from â€˜[01m[Kshared_ptr<[01;32m[Kfirstoopcppcode[m[K>[m[Kâ€™ to â€˜[01m[Kshared_ptr<[01;32m[Krclcpp::node_interfaces::NodeBaseInterface[m[K>[m[Kâ€™
   45 | [01;36m[Knterfaces::NodeBaseInterface::SharedPtr node_ptr[m[K);
      | [01;36m[K~~~~~~~~~~~~~~~~~~~~~~~~~~~~~~~~~~~~~~~~^~~~~~~~[m[K

[01m[K/opt/ros/humble/include/rclcpp/rclcpp/executors.hpp:49:1:[m[K [01;36m[Knote: [m[Kcandidate: â€˜[01m[Kvoid rclcpp::spin(rclcpp::Node::SharedPtr)[m[Kâ€™
   49 | [01;36m[Kspin[m[K(rclcpp::Node::SharedPtr node_ptr);
      | [01;36m[K^~~~[m[K
[01m[K/opt/ros/humble/include/rclcpp/rclcpp/executors.hpp:49:30:[m[K [01;36m[Knote: [m[K  no known conversion for argument 1 from â€˜[01m[Kshared_ptr<[01;32m[Kfirstoopcppcode[m[K>[m[Kâ€™ to â€˜[01m[Kshared_ptr<[01;32m[Krclcpp::Node[m[K>[m[Kâ€™
   49 | spin([01;36m[Krclcpp::Node::SharedPtr node_ptr[m[K);
      |      [01;36m[K~~~~~~~~~~~~~~~~~~~~~~~~^~~~~~~~[m[K
In file included from [01m[K/usr/include/c++/11/bits/shared_ptr_base.h:60[m[K,
                 from [01m[K/usr/include/c++/11/bits/shared_ptr.h:53[m[K,
                 from [01m[K/usr/include/c++/11/memory:77[m[K,
                 from [01m[K/opt/ros/humble/include/rclcpp/rclcpp/rclcpp.hpp:153[m[K,
                 from [01m[K/home/remon/ros2_ws/src/cpp_pkg2/src/cpp_pkg2.cpp:1[m[K:
/usr/include/c++/11/ext/aligned_buffer.h: In instantiation of â€˜[01m[Kstruct __gnu_cxx::__aligned_buffer<firstoopcppcode>[m[Kâ€™:
[01m[K/usr/include/c++/11/bits/shared_ptr_base.h:506:35:[m[K   required from â€˜[01m[Kclass std::_Sp_counted_ptr_inplace<firstoopcppcode, std::allocator<firstoopcppcode>, __gnu_cxx::_S_atomic>::_Impl[m[Kâ€™
[01m[K/usr/include/c++/11/bits/shared_ptr_base.h:567:13:[m[K   required from â€˜[01m[Kclass std::_Sp_counted_ptr_inplace<firstoopcppcode, std::allocator<firstoopcppcode>, __gnu_cxx::_S_atomic>[m[Kâ€™
[01m[K/usr/include/c++/11/bits/shared_ptr_base.h:647:43:[m[K   required from â€˜[01m[Kstd::__shared_count<_Lp>::__shared_count(_Tp*&, std::_Sp_alloc_shared_tag<_Alloc>, _Args&& ...) [with _Tp = firstoopcppcode; _Alloc = std::allocator<firstoopcppcode>; _Args = {}; __gnu_cxx::_Lock_policy _Lp = __gnu_cxx::_S_atomic][m[Kâ€™
[01m[K/usr/include/c++/11/bits/shared_ptr_base.h:1342:14:[m[K   required from â€˜[01m[Kstd::__shared_ptr<_Tp, _Lp>::__shared_ptr(std::_Sp_alloc_shared_tag<_Tp>, _Args&& ...) [with _Alloc = std::allocator<firstoopcppcode>; _Args = {}; _Tp = firstoopcppcode; __gnu_cxx::_Lock_policy _Lp = __gnu_cxx::_S_atomic][m[Kâ€™
[01m[K/usr/include/c++/11/bits/shared_ptr.h:409:59:[m[K   required from â€˜[01m[Kstd::shared_ptr<_Tp>::shared_ptr(std::_Sp_alloc_shared_tag<_Tp>, _Args&& ...) [with _Alloc = std::allocator<firstoopcppcode>; _Args = {}; _Tp = firstoopcppcode][m[Kâ€™
[01m[K/usr/include/c++/11/bits/shared_ptr.h:862:14:[m[K   required from â€˜[01m[Kstd::shared_ptr<_Tp> std::allocate_shared(const _Alloc&, _Args&& ...) [with _Tp = firstoopcppcode; _Alloc = std::allocator<firstoopcppcode>; _Args = {}][m[Kâ€™
[01m[K/usr/include/c++/11/bits/shared_ptr.h:878:39:[m[K   required from â€˜[01m[Kstd::shared_ptr<_Tp> std::make_shared(_Args&& ...) [with _Tp = firstoopcppcode; _Args = {}][m[Kâ€™
[01m[K/home/remon/ros2_ws/src/cpp_pkg2/src/cpp_pkg2.cpp:24:49:[m[K   required from here
[01m[K/usr/include/c++/11/ext/aligned_buffer.h:91:28:[m[K [01;31m[Kerror: [m[Kinvalid application of â€˜[01m[Ksizeof[m[Kâ€™ to incomplete type â€˜[01m[Kfirstoopcppcode[m[Kâ€™
   91 |     : std::aligned_storage<[01;31m[Ksizeof(_Tp)[m[K, __alignof__(_Tp)>
      |                            [01;31m[K^~~~~~~~~~~[m[K
[01m[K/usr/include/c++/11/ext/aligned_buffer.h:91:28:[m[K [01;31m[Kerror: [m[Kinvalid application of â€˜[01m[Ksizeof[m[Kâ€™ to incomplete type â€˜[01m[Kfirstoopcppcode[m[Kâ€™
gmake[2]: *** [CMakeFiles/cpp_node.dir/build.make:76: CMakeFiles/cpp_node.dir/src/cpp_pkg2.cpp.o] Error 1
gmake[1]: *** [CMakeFiles/Makefile2:137: CMakeFiles/cpp_node.dir/all] Error 2
gmake: *** [Makefile:146: all] Error 2
