[01m[K/home/remon/ros2_ws/src/cpp_pkg2/src/cpp_pkg2.cpp:[m[K In constructor â€˜[01m[Kmy::my()[m[Kâ€™:
[01m[K/home/remon/ros2_ws/src/cpp_pkg2/src/cpp_pkg2.cpp:9:20:[m[K [01;31m[Kerror: [m[Kâ€˜[01m[Kclass my[m[Kâ€™ has no member named â€˜[01m[Kcreat_wall_timer[m[Kâ€™; did you mean â€˜[01m[Kcreate_wall_timer[m[Kâ€™?
    9 |     timer_ = this->[01;31m[Kcreat_wall_timer[m[K (std::chorno::seconds(1),
      |                    [01;31m[K^~~~~~~~~~~~~~~~[m[K
      |                    [32m[Kcreate_wall_timer[m[K
[01m[K/home/remon/ros2_ws/src/cpp_pkg2/src/cpp_pkg2.cpp:9:43:[m[K [01;31m[Kerror: [m[Kâ€˜[01m[Kstd::chorno[m[Kâ€™ has not been declared
    9 |  timer_ = this->creat_wall_timer (std::[01;31m[Kchorno[m[K::seconds(1),
      |                                        [01;31m[K^~~~~~[m[K

gmake[2]: *** [CMakeFiles/cpp_node.dir/build.make:76: CMakeFiles/cpp_node.dir/src/cpp_pkg2.cpp.o] Error 1
gmake[1]: *** [CMakeFiles/Makefile2:137: CMakeFiles/cpp_node.dir/all] Error 2
gmake: *** [Makefile:146: all] Error 2
