[0.048s] Invoking command in '/home/remon/ros2_ws/build/cpp_pkg2': CMAKE_PREFIX_PATH=${CMAKE_PREFIX_PATH}:/home/remon/ros2_ws/install/my_py_pkg:/opt/ros/humble /usr/bin/cmake --build /home/remon/ros2_ws/build/cpp_pkg2 -- -j8 -l8
[0.081s] [35m[1mConsolidate compiler generated dependencies of target cpp_node[0m
[0.093s] [ 50%] [32mBuilding CXX object CMakeFiles/cpp_node.dir/src/cpp_pkg2.cpp.o[0m
[1.834s] [01m[K/home/remon/ros2_ws/src/cpp_pkg2/src/cpp_pkg2.cpp:[m[K In constructor â€˜[01m[Kmy::my()[m[Kâ€™:
[1.835s] [01m[K/home/remon/ros2_ws/src/cpp_pkg2/src/cpp_pkg2.cpp:9:20:[m[K [01;31m[Kerror: [m[Kâ€˜[01m[Kclass my[m[Kâ€™ has no member named â€˜[01m[Kcreat_wall_timer[m[Kâ€™; did you mean â€˜[01m[Kcreate_wall_timer[m[Kâ€™?
[1.835s]     9 |     timer_ = this->[01;31m[Kcreat_wall_timer[m[K (std::chorno::seconds(1),
[1.835s]       |                    [01;31m[K^~~~~~~~~~~~~~~~[m[K
[1.835s]       |                    [32m[Kcreate_wall_timer[m[K
[1.835s] [01m[K/home/remon/ros2_ws/src/cpp_pkg2/src/cpp_pkg2.cpp:9:43:[m[K [01;31m[Kerror: [m[Kâ€˜[01m[Kstd::chorno[m[Kâ€™ has not been declared
[1.836s]     9 |  timer_ = this->creat_wall_timer (std::[01;31m[Kchorno[m[K::seconds(1),
[1.836s]       |                                        [01;31m[K^~~~~~[m[K
[1.836s] 
[2.178s] gmake[2]: *** [CMakeFiles/cpp_node.dir/build.make:76: CMakeFiles/cpp_node.dir/src/cpp_pkg2.cpp.o] Error 1
[2.178s] gmake[1]: *** [CMakeFiles/Makefile2:137: CMakeFiles/cpp_node.dir/all] Error 2
[2.178s] gmake: *** [Makefile:146: all] Error 2
[2.180s] Invoked command in '/home/remon/ros2_ws/build/cpp_pkg2' returned '2': CMAKE_PREFIX_PATH=${CMAKE_PREFIX_PATH}:/home/remon/ros2_ws/install/my_py_pkg:/opt/ros/humble /usr/bin/cmake --build /home/remon/ros2_ws/build/cpp_pkg2 -- -j8 -l8
