[01m[K/home/remon/ros2_ws/src/cpp_pkg2/src/cpp_pkg2.cpp:[m[K In constructor â€˜[01m[Kmy::my()[m[Kâ€™:
[01m[K/home/remon/ros2_ws/src/cpp_pkg2/src/cpp_pkg2.cpp:9:44:[m[K [01;31m[Kerror: [m[Kâ€˜[01m[Kstd::chorno[m[Kâ€™ has not been declared
    9 | timer_ = this->create_wall_timer (std::[01;31m[Kchorno[m[K::seconds(1),
      |                                        [01;31m[K^~~~~~[m[K

gmake[2]: *** [CMakeFiles/cpp_node.dir/build.make:76: CMakeFiles/cpp_node.dir/src/cpp_pkg2.cpp.o] Error 1
gmake[1]: *** [CMakeFiles/Makefile2:137: CMakeFiles/cpp_node.dir/all] Error 2
gmake: *** [Makefile:146: all] Error 2
